2024-10-27 20:26:06,319 - [INFO] - тестовое приложение - LOGGER - (test.py).<module>(13) - Программа запустилась.
2024-10-27 20:26:06,319 - [INFO] - тестовое приложение - LOGGER - (test.py).read_test_file(27) - Тестовый файл прочитан успешно.
2024-10-27 20:26:06,320 - [INFO] - тестовое приложение - LOGGER - (test.py).run_test(38) - Вопрос 1: Критерием качества программы, определяющим соответствие результатов программы ее спецификации, является
2024-10-27 20:26:08,512 - [INFO] - тестовое приложение - LOGGER - (test.py).run_test(49) - Неправильный ответ на вопрос 1. Правильный ответ 4.
2024-10-27 20:26:08,512 - [INFO] - тестовое приложение - LOGGER - (test.py).run_test(38) - Вопрос 2: Когда некоторые этапы алгоритма повторяются многократно, алгоритмическая конструкция носит название
2024-10-27 20:26:08,874 - [INFO] - тестовое приложение - LOGGER - (test.py).run_test(45) - Правильный ответ на вопрос 2.
2024-10-27 20:26:08,874 - [INFO] - тестовое приложение - LOGGER - (test.py).run_test(38) - Вопрос 3: Переменная, изменяющаясвое значение при каждом вхождении в цикл, называется
2024-10-27 20:26:09,448 - [ERROR] - тестовое приложение - LOGGER - (test.py).run_test(52) - Неверный ввод для вопроса 3.
2024-10-27 20:26:09,449 - [INFO] - тестовое приложение - LOGGER - (test.py).run_test(38) - Вопрос 4: Понятное  и точное предписание исполнителю выполнить конечную последовательность команд, приводящую от исходных данных к искомому результату, называется
2024-10-27 20:26:11,176 - [INFO] - тестовое приложение - LOGGER - (test.py).run_test(49) - Неправильный ответ на вопрос 4. Правильный ответ 2.
2024-10-27 20:26:11,176 - [INFO] - тестовое приложение - LOGGER - (test.py).run_test(38) - Вопрос 5: Алгоритмом можно назвать
2024-10-27 20:26:11,726 - [ERROR] - тестовое приложение - LOGGER - (test.py).run_test(52) - Неверный ввод для вопроса 5.
2024-10-27 20:26:11,726 - [INFO] - тестовое приложение - LOGGER - (test.py).run_test(38) - Вопрос 6: Многократно повторяющаяся часть алгоритма  называется
2024-10-27 20:26:12,159 - [ERROR] - тестовое приложение - LOGGER - (test.py).run_test(52) - Неверный ввод для вопроса 6.
2024-10-27 20:26:12,160 - [INFO] - тестовое приложение - LOGGER - (test.py).run_test(38) - Вопрос 7: Для понятности текстов программ в имени целых переменных включают приставку
2024-10-27 20:26:12,774 - [ERROR] - тестовое приложение - LOGGER - (test.py).run_test(52) - Неверный ввод для вопроса 7.
2024-10-27 20:26:12,775 - [INFO] - тестовое приложение - LOGGER - (test.py).<module>(63) - Тест завершен. Счет: 14.29% (1/7)
2024-10-27 20:41:49,442 - [INFO] - тестовое приложение - LOGGER - (test.py).<module>(13) - Программа запустилась.
2024-10-27 20:41:49,443 - [INFO] - тестовое приложение - LOGGER - (test.py).read_test_file(27) - Тестовый файл прочитан успешно.
2024-10-27 20:41:49,443 - [INFO] - тестовое приложение - LOGGER - (test.py).run_test(38) - Вопрос 1: Критерием качества программы, определяющим соответствие результатов программы ее спецификации, является
2024-10-27 20:41:51,504 - [ERROR] - тестовое приложение - LOGGER - (test.py).run_test(52) - Неверный ввод для вопроса 1.
2024-10-27 20:41:51,504 - [INFO] - тестовое приложение - LOGGER - (test.py).run_test(38) - Вопрос 2: Когда некоторые этапы алгоритма повторяются многократно, алгоритмическая конструкция носит название
2024-10-27 20:41:51,657 - [ERROR] - тестовое приложение - LOGGER - (test.py).run_test(52) - Неверный ввод для вопроса 2.
2024-10-27 20:41:51,657 - [INFO] - тестовое приложение - LOGGER - (test.py).run_test(38) - Вопрос 3: Переменная, изменяющаясвое значение при каждом вхождении в цикл, называется
2024-10-27 20:41:51,804 - [ERROR] - тестовое приложение - LOGGER - (test.py).run_test(52) - Неверный ввод для вопроса 3.
2024-10-27 20:41:51,805 - [INFO] - тестовое приложение - LOGGER - (test.py).run_test(38) - Вопрос 4: Понятное  и точное предписание исполнителю выполнить конечную последовательность команд, приводящую от исходных данных к искомому результату, называется
2024-10-27 20:41:51,949 - [ERROR] - тестовое приложение - LOGGER - (test.py).run_test(52) - Неверный ввод для вопроса 4.
2024-10-27 20:41:51,975 - [INFO] - тестовое приложение - LOGGER - (test.py).run_test(38) - Вопрос 5: Алгоритмом можно назвать
2024-10-27 20:41:52,085 - [ERROR] - тестовое приложение - LOGGER - (test.py).run_test(52) - Неверный ввод для вопроса 5.
2024-10-27 20:41:52,085 - [INFO] - тестовое приложение - LOGGER - (test.py).run_test(38) - Вопрос 6: Многократно повторяющаяся часть алгоритма  называется
2024-10-27 20:41:52,222 - [ERROR] - тестовое приложение - LOGGER - (test.py).run_test(52) - Неверный ввод для вопроса 6.
2024-10-27 20:41:52,223 - [INFO] - тестовое приложение - LOGGER - (test.py).run_test(38) - Вопрос 7: Для понятности текстов программ в имени целых переменных включают приставку
2024-10-27 20:41:52,798 - [ERROR] - тестовое приложение - LOGGER - (test.py).run_test(52) - Неверный ввод для вопроса 7.
2024-10-27 20:41:52,798 - [INFO] - тестовое приложение - LOGGER - (test.py).<module>(63) - Тест завершен. Счет: 0.00% (0/7)
